2020-07-31 08:47:09 [-][-][-][error][yii\base\InvalidConfigException] yii\base\InvalidConfigException: You should configure "authManager" component to use database before executing this migration. in C:\xampp\htdocs\html\advanced\vendor\yiisoft\yii2\rbac\migrations\m140506_102106_rbac_init.php:27
Stack trace:
#0 C:\xampp\htdocs\html\advanced\vendor\yiisoft\yii2\rbac\migrations\m140506_102106_rbac_init.php(51): m140506_102106_rbac_init->getAuthManager()
#1 C:\xampp\htdocs\html\advanced\vendor\yiisoft\yii2\console\controllers\BaseMigrateController.php(727): m140506_102106_rbac_init->up()
#2 C:\xampp\htdocs\html\advanced\vendor\yiisoft\yii2\console\controllers\BaseMigrateController.php(202): yii\console\controllers\BaseMigrateController->migrateUp('m140506_102106_...')
#3 [internal function]: yii\console\controllers\BaseMigrateController->actionUp(0)
#4 C:\xampp\htdocs\html\advanced\vendor\yiisoft\yii2\base\InlineAction.php(57): call_user_func_array(Array, Array)
#5 C:\xampp\htdocs\html\advanced\vendor\yiisoft\yii2\base\Controller.php(180): yii\base\InlineAction->runWithParams(Array)
#6 C:\xampp\htdocs\html\advanced\vendor\yiisoft\yii2\console\Controller.php(181): yii\base\Controller->runAction('', Array)
#7 C:\xampp\htdocs\html\advanced\vendor\yiisoft\yii2\base\Module.php(528): yii\console\Controller->runAction('', Array)
#8 C:\xampp\htdocs\html\advanced\vendor\yiisoft\yii2\console\Application.php(180): yii\base\Module->runAction('migrate', Array)
#9 C:\xampp\htdocs\html\advanced\vendor\yiisoft\yii2\console\Application.php(147): yii\console\Application->runAction('migrate', Array)
#10 C:\xampp\htdocs\html\advanced\vendor\yiisoft\yii2\base\Application.php(386): yii\console\Application->handleRequest(Object(yii\console\Request))
#11 C:\xampp\htdocs\html\advanced\yii(23): yii\base\Application->run()
#12 {main}
2020-07-31 08:46:45 [-][-][-][info][application] $_GET = []

$_POST = []

$_FILES = []

$_COOKIE = []

$_SERVER = [
    'ALLUSERSPROFILE' => 'C:\\ProgramData'
    'APPDATA' => 'C:\\Users\\Geniius Peace\\AppData\\Roaming'
    'CommonProgramFiles' => 'C:\\Program Files\\Common Files'
    'CommonProgramFiles(x86)' => 'C:\\Program Files (x86)\\Common Files'
    'CommonProgramW6432' => 'C:\\Program Files\\Common Files'
    'COMPUTERNAME' => 'PEACE'
    'ComSpec' => 'C:\\Windows\\system32\\cmd.exe'
    'DriverData' => 'C:\\Windows\\System32\\Drivers\\DriverData'
    'HOMEDRIVE' => 'C:'
    'HOMEPATH' => '\\Users\\Geniius Peace'
    'JAVA_HOME' => 'C:\\Users\\Geniius Peace\\AppData\\Local\\Programs\\AdoptOpenJDK\\'
    'LOCALAPPDATA' => 'C:\\Users\\Geniius Peace\\AppData\\Local'
    'LOGONSERVER' => '\\\\PEACE'
    'MOZ_PLUGIN_PATH' => 'C:\\Program Files (x86)\\Foxit Software\\Foxit Reader\\plugins\\'
    'NUMBER_OF_PROCESSORS' => '4'
    'OneDrive' => 'C:\\Users\\Geniius Peace\\OneDrive'
    'OS' => 'Windows_NT'
    'Path' => 'C:\\Windows\\system32;C:\\Windows;C:\\Windows\\System32\\Wbem;C:\\Windows\\System32\\WindowsPowerShell\\v1.0\\;C:\\Windows\\System32\\OpenSSH\\;C:\\Program Files\\Microsoft SQL Server\\Client SDK\\ODBC\\170\\Tools\\Binn\\;C:\\Program Files (x86)\\Microsoft SQL Server\\150\\Tools\\Binn\\;C:\\Program Files\\Microsoft SQL Server\\150\\Tools\\Binn\\;C:\\Program Files\\Microsoft SQL Server\\150\\DTS\\Binn\\;C:\\Program Files (x86)\\Microsoft SQL Server\\150\\DTS\\Binn\\;E:\\xampp\\php;C:\\composer;C:\\Users\\Geniius Peace\\AppData\\Local\\Programs\\Python\\Python38-32\\Scripts\\;C:\\Users\\Geniius Peace\\AppData\\Local\\Programs\\Python\\Python38-32\\;C:\\Users\\Geniius Peace\\AppData\\Local\\Programs\\AdoptOpenJDK\\bin;C:\\Users\\Geniius Peace\\AppData\\Local\\Microsoft\\WindowsApps;C:\\Program Files\\JetBrains\\PyCharm Community Edition 2019.2.2\\bin;C:\\Users\\Geniius Peace\\AppData\\Local\\Programs\\Microsoft VS Code\\bin;C:\\Program Files\\JetBrains\\PhpStorm 2020.1.3\\bin;C:\\xampp\\php;C:\\Users\\Geniius Peace\\AppData\\Roaming\\Composer\\vendor\\bin'
    'PATHEXT' => '.COM;.EXE;.BAT;.CMD;.VBS;.VBE;.JS;.JSE;.WSF;.WSH;.MSC'
    'PhpStorm' => 'C:\\Program Files\\JetBrains\\PhpStorm 2020.1.3\\bin;'
    'PROCESSOR_ARCHITECTURE' => 'AMD64'
    'PROCESSOR_IDENTIFIER' => 'Intel64 Family 6 Model 142 Stepping 10, GenuineIntel'
    'PROCESSOR_LEVEL' => '6'
    'PROCESSOR_REVISION' => '8e0a'
    'ProgramData' => 'C:\\ProgramData'
    'ProgramFiles' => 'C:\\Program Files'
    'ProgramFiles(x86)' => 'C:\\Program Files (x86)'
    'ProgramW6432' => 'C:\\Program Files'
    'PROMPT' => '$P$G'
    'PSModulePath' => 'C:\\Program Files\\WindowsPowerShell\\Modules;C:\\Windows\\system32\\WindowsPowerShell\\v1.0\\Modules;C:\\Program Files (x86)\\Microsoft SQL Server\\150\\Tools\\PowerShell\\Modules\\'
    'PUBLIC' => 'C:\\Users\\Public'
    'PyCharm_Community_Edition' => 'C:\\Program Files\\JetBrains\\PyCharm Community Edition 2019.2.2\\bin;'
    'SystemDrive' => 'C:'
    'SystemRoot' => 'C:\\Windows'
    'TEMP' => 'C:\\Users\\GENIIU~1\\AppData\\Local\\Temp'
    'TMP' => 'C:\\Users\\GENIIU~1\\AppData\\Local\\Temp'
    'USERDOMAIN' => 'PEACE'
    'USERDOMAIN_ROAMINGPROFILE' => 'PEACE'
    'USERNAME' => 'Geniius Peace'
    'USERPROFILE' => 'C:\\Users\\Geniius Peace'
    'windir' => 'C:\\Windows'
    'PHP_SELF' => 'yii'
    'SCRIPT_NAME' => 'yii'
    'SCRIPT_FILENAME' => 'yii'
    'PATH_TRANSLATED' => 'yii'
    'DOCUMENT_ROOT' => ''
    'REQUEST_TIME_FLOAT' => 1596178005.0369
    'REQUEST_TIME' => 1596178005
    'argv' => [
        0 => 'yii'
        1 => 'migrate'
        2 => '--migrationPath=@yii/rbac/migrations'
    ]
    'argc' => 3
]
2020-07-31 08:56:52 [-][-][-][error][yii\base\InvalidConfigException] yii\base\InvalidConfigException: You should configure "authManager" component to use database before executing this migration. in C:\xampp\htdocs\html\advanced\vendor\yiisoft\yii2\rbac\migrations\m140506_102106_rbac_init.php:27
Stack trace:
#0 C:\xampp\htdocs\html\advanced\vendor\yiisoft\yii2\rbac\migrations\m140506_102106_rbac_init.php(51): m140506_102106_rbac_init->getAuthManager()
#1 C:\xampp\htdocs\html\advanced\vendor\yiisoft\yii2\console\controllers\BaseMigrateController.php(727): m140506_102106_rbac_init->up()
#2 C:\xampp\htdocs\html\advanced\vendor\yiisoft\yii2\console\controllers\BaseMigrateController.php(202): yii\console\controllers\BaseMigrateController->migrateUp('m140506_102106_...')
#3 [internal function]: yii\console\controllers\BaseMigrateController->actionUp(0)
#4 C:\xampp\htdocs\html\advanced\vendor\yiisoft\yii2\base\InlineAction.php(57): call_user_func_array(Array, Array)
#5 C:\xampp\htdocs\html\advanced\vendor\yiisoft\yii2\base\Controller.php(180): yii\base\InlineAction->runWithParams(Array)
#6 C:\xampp\htdocs\html\advanced\vendor\yiisoft\yii2\console\Controller.php(181): yii\base\Controller->runAction('', Array)
#7 C:\xampp\htdocs\html\advanced\vendor\yiisoft\yii2\base\Module.php(528): yii\console\Controller->runAction('', Array)
#8 C:\xampp\htdocs\html\advanced\vendor\yiisoft\yii2\console\Application.php(180): yii\base\Module->runAction('migrate', Array)
#9 C:\xampp\htdocs\html\advanced\vendor\yiisoft\yii2\console\Application.php(147): yii\console\Application->runAction('migrate', Array)
#10 C:\xampp\htdocs\html\advanced\vendor\yiisoft\yii2\base\Application.php(386): yii\console\Application->handleRequest(Object(yii\console\Request))
#11 C:\xampp\htdocs\html\advanced\yii(23): yii\base\Application->run()
#12 {main}
2020-07-31 08:56:48 [-][-][-][info][application] $_GET = []

$_POST = []

$_FILES = []

$_COOKIE = []

$_SERVER = [
    'ALLUSERSPROFILE' => 'C:\\ProgramData'
    'APPDATA' => 'C:\\Users\\Geniius Peace\\AppData\\Roaming'
    'CommonProgramFiles' => 'C:\\Program Files\\Common Files'
    'CommonProgramFiles(x86)' => 'C:\\Program Files (x86)\\Common Files'
    'CommonProgramW6432' => 'C:\\Program Files\\Common Files'
    'COMPUTERNAME' => 'PEACE'
    'ComSpec' => 'C:\\Windows\\system32\\cmd.exe'
    'DriverData' => 'C:\\Windows\\System32\\Drivers\\DriverData'
    'HOMEDRIVE' => 'C:'
    'HOMEPATH' => '\\Users\\Geniius Peace'
    'JAVA_HOME' => 'C:\\Users\\Geniius Peace\\AppData\\Local\\Programs\\AdoptOpenJDK\\'
    'LOCALAPPDATA' => 'C:\\Users\\Geniius Peace\\AppData\\Local'
    'LOGONSERVER' => '\\\\PEACE'
    'MOZ_PLUGIN_PATH' => 'C:\\Program Files (x86)\\Foxit Software\\Foxit Reader\\plugins\\'
    'NUMBER_OF_PROCESSORS' => '4'
    'OneDrive' => 'C:\\Users\\Geniius Peace\\OneDrive'
    'OS' => 'Windows_NT'
    'Path' => 'C:\\Windows\\system32;C:\\Windows;C:\\Windows\\System32\\Wbem;C:\\Windows\\System32\\WindowsPowerShell\\v1.0\\;C:\\Windows\\System32\\OpenSSH\\;C:\\Program Files\\Microsoft SQL Server\\Client SDK\\ODBC\\170\\Tools\\Binn\\;C:\\Program Files (x86)\\Microsoft SQL Server\\150\\Tools\\Binn\\;C:\\Program Files\\Microsoft SQL Server\\150\\Tools\\Binn\\;C:\\Program Files\\Microsoft SQL Server\\150\\DTS\\Binn\\;C:\\Program Files (x86)\\Microsoft SQL Server\\150\\DTS\\Binn\\;E:\\xampp\\php;C:\\composer;C:\\Users\\Geniius Peace\\AppData\\Local\\Programs\\Python\\Python38-32\\Scripts\\;C:\\Users\\Geniius Peace\\AppData\\Local\\Programs\\Python\\Python38-32\\;C:\\Users\\Geniius Peace\\AppData\\Local\\Programs\\AdoptOpenJDK\\bin;C:\\Users\\Geniius Peace\\AppData\\Local\\Microsoft\\WindowsApps;C:\\Program Files\\JetBrains\\PyCharm Community Edition 2019.2.2\\bin;C:\\Users\\Geniius Peace\\AppData\\Local\\Programs\\Microsoft VS Code\\bin;C:\\Program Files\\JetBrains\\PhpStorm 2020.1.3\\bin;C:\\xampp\\php;C:\\Users\\Geniius Peace\\AppData\\Roaming\\Composer\\vendor\\bin'
    'PATHEXT' => '.COM;.EXE;.BAT;.CMD;.VBS;.VBE;.JS;.JSE;.WSF;.WSH;.MSC'
    'PhpStorm' => 'C:\\Program Files\\JetBrains\\PhpStorm 2020.1.3\\bin;'
    'PROCESSOR_ARCHITECTURE' => 'AMD64'
    'PROCESSOR_IDENTIFIER' => 'Intel64 Family 6 Model 142 Stepping 10, GenuineIntel'
    'PROCESSOR_LEVEL' => '6'
    'PROCESSOR_REVISION' => '8e0a'
    'ProgramData' => 'C:\\ProgramData'
    'ProgramFiles' => 'C:\\Program Files'
    'ProgramFiles(x86)' => 'C:\\Program Files (x86)'
    'ProgramW6432' => 'C:\\Program Files'
    'PROMPT' => '$P$G'
    'PSModulePath' => 'C:\\Program Files\\WindowsPowerShell\\Modules;C:\\Windows\\system32\\WindowsPowerShell\\v1.0\\Modules;C:\\Program Files (x86)\\Microsoft SQL Server\\150\\Tools\\PowerShell\\Modules\\'
    'PUBLIC' => 'C:\\Users\\Public'
    'PyCharm_Community_Edition' => 'C:\\Program Files\\JetBrains\\PyCharm Community Edition 2019.2.2\\bin;'
    'SystemDrive' => 'C:'
    'SystemRoot' => 'C:\\Windows'
    'TEMP' => 'C:\\Users\\GENIIU~1\\AppData\\Local\\Temp'
    'TMP' => 'C:\\Users\\GENIIU~1\\AppData\\Local\\Temp'
    'USERDOMAIN' => 'PEACE'
    'USERDOMAIN_ROAMINGPROFILE' => 'PEACE'
    'USERNAME' => 'Geniius Peace'
    'USERPROFILE' => 'C:\\Users\\Geniius Peace'
    'windir' => 'C:\\Windows'
    'PHP_SELF' => 'yii'
    'SCRIPT_NAME' => 'yii'
    'SCRIPT_FILENAME' => 'yii'
    'PATH_TRANSLATED' => 'yii'
    'DOCUMENT_ROOT' => ''
    'REQUEST_TIME_FLOAT' => 1596178608.1114
    'REQUEST_TIME' => 1596178608
    'argv' => [
        0 => 'yii'
        1 => 'migrate'
        2 => '--migrationPath=@yii/rbac/migrations'
    ]
    'argc' => 3
]
2020-07-31 09:03:32 [-][-][-][error][yii\base\UnknownPropertyException] yii\base\UnknownPropertyException: Setting unknown property: yii\db\Connection::authManager in C:\xampp\htdocs\html\advanced\vendor\yiisoft\yii2\base\Component.php:209
Stack trace:
#0 C:\xampp\htdocs\html\advanced\vendor\yiisoft\yii2\BaseYii.php(558): yii\base\Component->__set('authManager', Array)
#1 C:\xampp\htdocs\html\advanced\vendor\yiisoft\yii2\base\BaseObject.php(107): yii\BaseYii::configure(Object(yii\db\Connection), Array)
#2 [internal function]: yii\base\BaseObject->__construct(Array)
#3 C:\xampp\htdocs\html\advanced\vendor\yiisoft\yii2\di\Container.php(400): ReflectionClass->newInstanceArgs(Array)
#4 C:\xampp\htdocs\html\advanced\vendor\yiisoft\yii2\di\Container.php(159): yii\di\Container->build('yii\\db\\Connecti...', Array, Array)
#5 C:\xampp\htdocs\html\advanced\vendor\yiisoft\yii2\BaseYii.php(365): yii\di\Container->get('yii\\db\\Connecti...', Array, Array)
#6 C:\xampp\htdocs\html\advanced\vendor\yiisoft\yii2\di\ServiceLocator.php(137): yii\BaseYii::createObject(Array)
#7 C:\xampp\htdocs\html\advanced\vendor\yiisoft\yii2\base\Module.php(742): yii\di\ServiceLocator->get('db', true)
#8 C:\xampp\htdocs\html\advanced\vendor\yiisoft\yii2\di\Instance.php(164): yii\base\Module->get('db')
#9 C:\xampp\htdocs\html\advanced\vendor\yiisoft\yii2\di\Instance.php(137): yii\di\Instance->get(NULL)
#10 C:\xampp\htdocs\html\advanced\vendor\yiisoft\yii2\console\controllers\MigrateController.php(183): yii\di\Instance::ensure(Object(yii\di\Instance), 'yii\\db\\Connecti...')
#11 C:\xampp\htdocs\html\advanced\vendor\yiisoft\yii2\base\Controller.php(178): yii\console\controllers\MigrateController->beforeAction(Object(yii\base\InlineAction))
#12 C:\xampp\htdocs\html\advanced\vendor\yiisoft\yii2\console\Controller.php(181): yii\base\Controller->runAction('', Array)
#13 C:\xampp\htdocs\html\advanced\vendor\yiisoft\yii2\base\Module.php(528): yii\console\Controller->runAction('', Array)
#14 C:\xampp\htdocs\html\advanced\vendor\yiisoft\yii2\console\Application.php(180): yii\base\Module->runAction('migrate', Array)
#15 C:\xampp\htdocs\html\advanced\vendor\yiisoft\yii2\console\Application.php(147): yii\console\Application->runAction('migrate', Array)
#16 C:\xampp\htdocs\html\advanced\vendor\yiisoft\yii2\base\Application.php(386): yii\console\Application->handleRequest(Object(yii\console\Request))
#17 C:\xampp\htdocs\html\advanced\yii(23): yii\base\Application->run()
#18 {main}
2020-07-31 09:03:32 [-][-][-][info][application] $_GET = []

$_POST = []

$_FILES = []

$_COOKIE = []

$_SERVER = [
    'ALLUSERSPROFILE' => 'C:\\ProgramData'
    'APPDATA' => 'C:\\Users\\Geniius Peace\\AppData\\Roaming'
    'CommonProgramFiles' => 'C:\\Program Files\\Common Files'
    'CommonProgramFiles(x86)' => 'C:\\Program Files (x86)\\Common Files'
    'CommonProgramW6432' => 'C:\\Program Files\\Common Files'
    'COMPUTERNAME' => 'PEACE'
    'ComSpec' => 'C:\\Windows\\system32\\cmd.exe'
    'DriverData' => 'C:\\Windows\\System32\\Drivers\\DriverData'
    'HOMEDRIVE' => 'C:'
    'HOMEPATH' => '\\Users\\Geniius Peace'
    'JAVA_HOME' => 'C:\\Users\\Geniius Peace\\AppData\\Local\\Programs\\AdoptOpenJDK\\'
    'LOCALAPPDATA' => 'C:\\Users\\Geniius Peace\\AppData\\Local'
    'LOGONSERVER' => '\\\\PEACE'
    'MOZ_PLUGIN_PATH' => 'C:\\Program Files (x86)\\Foxit Software\\Foxit Reader\\plugins\\'
    'NUMBER_OF_PROCESSORS' => '4'
    'OneDrive' => 'C:\\Users\\Geniius Peace\\OneDrive'
    'OS' => 'Windows_NT'
    'Path' => 'C:\\Windows\\system32;C:\\Windows;C:\\Windows\\System32\\Wbem;C:\\Windows\\System32\\WindowsPowerShell\\v1.0\\;C:\\Windows\\System32\\OpenSSH\\;C:\\Program Files\\Microsoft SQL Server\\Client SDK\\ODBC\\170\\Tools\\Binn\\;C:\\Program Files (x86)\\Microsoft SQL Server\\150\\Tools\\Binn\\;C:\\Program Files\\Microsoft SQL Server\\150\\Tools\\Binn\\;C:\\Program Files\\Microsoft SQL Server\\150\\DTS\\Binn\\;C:\\Program Files (x86)\\Microsoft SQL Server\\150\\DTS\\Binn\\;E:\\xampp\\php;C:\\composer;C:\\Users\\Geniius Peace\\AppData\\Local\\Programs\\Python\\Python38-32\\Scripts\\;C:\\Users\\Geniius Peace\\AppData\\Local\\Programs\\Python\\Python38-32\\;C:\\Users\\Geniius Peace\\AppData\\Local\\Programs\\AdoptOpenJDK\\bin;C:\\Users\\Geniius Peace\\AppData\\Local\\Microsoft\\WindowsApps;C:\\Program Files\\JetBrains\\PyCharm Community Edition 2019.2.2\\bin;C:\\Users\\Geniius Peace\\AppData\\Local\\Programs\\Microsoft VS Code\\bin;C:\\Program Files\\JetBrains\\PhpStorm 2020.1.3\\bin;C:\\xampp\\php;C:\\Users\\Geniius Peace\\AppData\\Roaming\\Composer\\vendor\\bin'
    'PATHEXT' => '.COM;.EXE;.BAT;.CMD;.VBS;.VBE;.JS;.JSE;.WSF;.WSH;.MSC'
    'PhpStorm' => 'C:\\Program Files\\JetBrains\\PhpStorm 2020.1.3\\bin;'
    'PROCESSOR_ARCHITECTURE' => 'AMD64'
    'PROCESSOR_IDENTIFIER' => 'Intel64 Family 6 Model 142 Stepping 10, GenuineIntel'
    'PROCESSOR_LEVEL' => '6'
    'PROCESSOR_REVISION' => '8e0a'
    'ProgramData' => 'C:\\ProgramData'
    'ProgramFiles' => 'C:\\Program Files'
    'ProgramFiles(x86)' => 'C:\\Program Files (x86)'
    'ProgramW6432' => 'C:\\Program Files'
    'PROMPT' => '$P$G'
    'PSModulePath' => 'C:\\Program Files\\WindowsPowerShell\\Modules;C:\\Windows\\system32\\WindowsPowerShell\\v1.0\\Modules;C:\\Program Files (x86)\\Microsoft SQL Server\\150\\Tools\\PowerShell\\Modules\\'
    'PUBLIC' => 'C:\\Users\\Public'
    'PyCharm_Community_Edition' => 'C:\\Program Files\\JetBrains\\PyCharm Community Edition 2019.2.2\\bin;'
    'SystemDrive' => 'C:'
    'SystemRoot' => 'C:\\Windows'
    'TEMP' => 'C:\\Users\\GENIIU~1\\AppData\\Local\\Temp'
    'TMP' => 'C:\\Users\\GENIIU~1\\AppData\\Local\\Temp'
    'USERDOMAIN' => 'PEACE'
    'USERDOMAIN_ROAMINGPROFILE' => 'PEACE'
    'USERNAME' => 'Geniius Peace'
    'USERPROFILE' => 'C:\\Users\\Geniius Peace'
    'windir' => 'C:\\Windows'
    'PHP_SELF' => 'yii'
    'SCRIPT_NAME' => 'yii'
    'SCRIPT_FILENAME' => 'yii'
    'PATH_TRANSLATED' => 'yii'
    'DOCUMENT_ROOT' => ''
    'REQUEST_TIME_FLOAT' => 1596179012.1412
    'REQUEST_TIME' => 1596179012
    'argv' => [
        0 => 'yii'
        1 => 'migrate'
        2 => '--migrationPath=@yii/rbac/migrations'
    ]
    'argc' => 3
]
2020-08-02 21:06:18 [-][-][-][error][yii\console\UnknownCommandException] yii\base\InvalidRouteException: Unable to resolve the request "rbac/init". in C:\xampp\htdocs\html\advanced\vendor\yiisoft\yii2\base\Module.php:537
Stack trace:
#0 C:\xampp\htdocs\html\advanced\vendor\yiisoft\yii2\console\Application.php(180): yii\base\Module->runAction('rbac/init', Array)
#1 C:\xampp\htdocs\html\advanced\vendor\yiisoft\yii2\console\Application.php(147): yii\console\Application->runAction('rbac/init', Array)
#2 C:\xampp\htdocs\html\advanced\vendor\yiisoft\yii2\base\Application.php(386): yii\console\Application->handleRequest(Object(yii\console\Request))
#3 C:\xampp\htdocs\html\advanced\yii(23): yii\base\Application->run()
#4 {main}

Next yii\console\UnknownCommandException: Unknown command "rbac/init". in C:\xampp\htdocs\html\advanced\vendor\yiisoft\yii2\console\Application.php:183
Stack trace:
#0 C:\xampp\htdocs\html\advanced\vendor\yiisoft\yii2\console\Application.php(147): yii\console\Application->runAction('rbac/init', Array)
#1 C:\xampp\htdocs\html\advanced\vendor\yiisoft\yii2\base\Application.php(386): yii\console\Application->handleRequest(Object(yii\console\Request))
#2 C:\xampp\htdocs\html\advanced\yii(23): yii\base\Application->run()
#3 {main}
2020-08-02 21:06:17 [-][-][-][info][application] $_GET = []

$_POST = []

$_FILES = []

$_COOKIE = []

$_SERVER = [
    'ALLUSERSPROFILE' => 'C:\\ProgramData'
    'APPDATA' => 'C:\\Users\\Geniius Peace\\AppData\\Roaming'
    'CommonProgramFiles' => 'C:\\Program Files\\Common Files'
    'CommonProgramFiles(x86)' => 'C:\\Program Files (x86)\\Common Files'
    'CommonProgramW6432' => 'C:\\Program Files\\Common Files'
    'COMPUTERNAME' => 'PEACE'
    'ComSpec' => 'C:\\Windows\\system32\\cmd.exe'
    'DriverData' => 'C:\\Windows\\System32\\Drivers\\DriverData'
    'HOMEDRIVE' => 'C:'
    'HOMEPATH' => '\\Users\\Geniius Peace'
    'JAVA_HOME' => 'C:\\Users\\Geniius Peace\\AppData\\Local\\Programs\\AdoptOpenJDK\\'
    'LOCALAPPDATA' => 'C:\\Users\\Geniius Peace\\AppData\\Local'
    'LOGONSERVER' => '\\\\PEACE'
    'MOZ_PLUGIN_PATH' => 'C:\\Program Files (x86)\\Foxit Software\\Foxit Reader\\plugins\\'
    'NUMBER_OF_PROCESSORS' => '4'
    'OneDrive' => 'C:\\Users\\Geniius Peace\\OneDrive'
    'OS' => 'Windows_NT'
    'Path' => 'C:\\Windows\\system32;C:\\Windows;C:\\Windows\\System32\\Wbem;C:\\Windows\\System32\\WindowsPowerShell\\v1.0\\;C:\\Windows\\System32\\OpenSSH\\;C:\\Program Files\\Microsoft SQL Server\\Client SDK\\ODBC\\170\\Tools\\Binn\\;C:\\Program Files (x86)\\Microsoft SQL Server\\150\\Tools\\Binn\\;C:\\Program Files\\Microsoft SQL Server\\150\\Tools\\Binn\\;C:\\Program Files\\Microsoft SQL Server\\150\\DTS\\Binn\\;C:\\Program Files (x86)\\Microsoft SQL Server\\150\\DTS\\Binn\\;E:\\xampp\\php;C:\\composer;C:\\Users\\Geniius Peace\\AppData\\Local\\Programs\\Python\\Python38-32\\Scripts\\;C:\\Users\\Geniius Peace\\AppData\\Local\\Programs\\Python\\Python38-32\\;C:\\Users\\Geniius Peace\\AppData\\Local\\Programs\\AdoptOpenJDK\\bin;C:\\Users\\Geniius Peace\\AppData\\Local\\Microsoft\\WindowsApps;C:\\Program Files\\JetBrains\\PyCharm Community Edition 2019.2.2\\bin;C:\\Users\\Geniius Peace\\AppData\\Local\\Programs\\Microsoft VS Code\\bin;C:\\Program Files\\JetBrains\\PhpStorm 2020.1.3\\bin;C:\\xampp\\php;C:\\Users\\Geniius Peace\\AppData\\Roaming\\Composer\\vendor\\bin'
    'PATHEXT' => '.COM;.EXE;.BAT;.CMD;.VBS;.VBE;.JS;.JSE;.WSF;.WSH;.MSC'
    'PhpStorm' => 'C:\\Program Files\\JetBrains\\PhpStorm 2020.1.3\\bin;'
    'PHP_COMMAND' => 'php.exe'
    'PROCESSOR_ARCHITECTURE' => 'AMD64'
    'PROCESSOR_IDENTIFIER' => 'Intel64 Family 6 Model 142 Stepping 10, GenuineIntel'
    'PROCESSOR_LEVEL' => '6'
    'PROCESSOR_REVISION' => '8e0a'
    'ProgramData' => 'C:\\ProgramData'
    'ProgramFiles' => 'C:\\Program Files'
    'ProgramFiles(x86)' => 'C:\\Program Files (x86)'
    'ProgramW6432' => 'C:\\Program Files'
    'PROMPT' => '$P$G'
    'PSModulePath' => 'C:\\Program Files\\WindowsPowerShell\\Modules;C:\\Windows\\system32\\WindowsPowerShell\\v1.0\\Modules;C:\\Program Files (x86)\\Microsoft SQL Server\\150\\Tools\\PowerShell\\Modules\\'
    'PUBLIC' => 'C:\\Users\\Public'
    'PyCharm_Community_Edition' => 'C:\\Program Files\\JetBrains\\PyCharm Community Edition 2019.2.2\\bin;'
    'SystemDrive' => 'C:'
    'SystemRoot' => 'C:\\Windows'
    'TEMP' => 'C:\\Users\\GENIIU~1\\AppData\\Local\\Temp'
    'TMP' => 'C:\\Users\\GENIIU~1\\AppData\\Local\\Temp'
    'USERDOMAIN' => 'PEACE'
    'USERDOMAIN_ROAMINGPROFILE' => 'PEACE'
    'USERNAME' => 'Geniius Peace'
    'USERPROFILE' => 'C:\\Users\\Geniius Peace'
    'windir' => 'C:\\Windows'
    'YII_PATH' => 'C:\\xampp\\htdocs\\html\\advanced\\'
    'PHP_SELF' => 'C:\\xampp\\htdocs\\html\\advanced\\yii'
    'SCRIPT_NAME' => 'C:\\xampp\\htdocs\\html\\advanced\\yii'
    'SCRIPT_FILENAME' => 'C:\\xampp\\htdocs\\html\\advanced\\yii'
    'PATH_TRANSLATED' => 'C:\\xampp\\htdocs\\html\\advanced\\yii'
    'DOCUMENT_ROOT' => ''
    'REQUEST_TIME_FLOAT' => 1596395176.6671
    'REQUEST_TIME' => 1596395176
    'argv' => [
        0 => 'C:\\xampp\\htdocs\\html\\advanced\\yii'
        1 => 'rbac/init'
    ]
    'argc' => 2
]
2020-08-02 21:07:58 [-][-][-][error][yii\console\UnknownCommandException] yii\base\InvalidRouteException: Unable to resolve the request "rbac". in C:\xampp\htdocs\html\advanced\vendor\yiisoft\yii2\base\Module.php:537
Stack trace:
#0 C:\xampp\htdocs\html\advanced\vendor\yiisoft\yii2\console\Application.php(180): yii\base\Module->runAction('rbac', Array)
#1 C:\xampp\htdocs\html\advanced\vendor\yiisoft\yii2\console\Application.php(147): yii\console\Application->runAction('rbac', Array)
#2 C:\xampp\htdocs\html\advanced\vendor\yiisoft\yii2\base\Application.php(386): yii\console\Application->handleRequest(Object(yii\console\Request))
#3 C:\xampp\htdocs\html\advanced\yii(23): yii\base\Application->run()
#4 {main}

Next yii\console\UnknownCommandException: Unknown command "rbac". in C:\xampp\htdocs\html\advanced\vendor\yiisoft\yii2\console\Application.php:183
Stack trace:
#0 C:\xampp\htdocs\html\advanced\vendor\yiisoft\yii2\console\Application.php(147): yii\console\Application->runAction('rbac', Array)
#1 C:\xampp\htdocs\html\advanced\vendor\yiisoft\yii2\base\Application.php(386): yii\console\Application->handleRequest(Object(yii\console\Request))
#2 C:\xampp\htdocs\html\advanced\yii(23): yii\base\Application->run()
#3 {main}
2020-08-02 21:07:58 [-][-][-][info][application] $_GET = []

$_POST = []

$_FILES = []

$_COOKIE = []

$_SERVER = [
    'ALLUSERSPROFILE' => 'C:\\ProgramData'
    'APPDATA' => 'C:\\Users\\Geniius Peace\\AppData\\Roaming'
    'CommonProgramFiles' => 'C:\\Program Files\\Common Files'
    'CommonProgramFiles(x86)' => 'C:\\Program Files (x86)\\Common Files'
    'CommonProgramW6432' => 'C:\\Program Files\\Common Files'
    'COMPUTERNAME' => 'PEACE'
    'ComSpec' => 'C:\\Windows\\system32\\cmd.exe'
    'DriverData' => 'C:\\Windows\\System32\\Drivers\\DriverData'
    'HOMEDRIVE' => 'C:'
    'HOMEPATH' => '\\Users\\Geniius Peace'
    'JAVA_HOME' => 'C:\\Users\\Geniius Peace\\AppData\\Local\\Programs\\AdoptOpenJDK\\'
    'LOCALAPPDATA' => 'C:\\Users\\Geniius Peace\\AppData\\Local'
    'LOGONSERVER' => '\\\\PEACE'
    'MOZ_PLUGIN_PATH' => 'C:\\Program Files (x86)\\Foxit Software\\Foxit Reader\\plugins\\'
    'NUMBER_OF_PROCESSORS' => '4'
    'OneDrive' => 'C:\\Users\\Geniius Peace\\OneDrive'
    'OS' => 'Windows_NT'
    'Path' => 'C:\\Windows\\system32;C:\\Windows;C:\\Windows\\System32\\Wbem;C:\\Windows\\System32\\WindowsPowerShell\\v1.0\\;C:\\Windows\\System32\\OpenSSH\\;C:\\Program Files\\Microsoft SQL Server\\Client SDK\\ODBC\\170\\Tools\\Binn\\;C:\\Program Files (x86)\\Microsoft SQL Server\\150\\Tools\\Binn\\;C:\\Program Files\\Microsoft SQL Server\\150\\Tools\\Binn\\;C:\\Program Files\\Microsoft SQL Server\\150\\DTS\\Binn\\;C:\\Program Files (x86)\\Microsoft SQL Server\\150\\DTS\\Binn\\;E:\\xampp\\php;C:\\composer;C:\\Users\\Geniius Peace\\AppData\\Local\\Programs\\Python\\Python38-32\\Scripts\\;C:\\Users\\Geniius Peace\\AppData\\Local\\Programs\\Python\\Python38-32\\;C:\\Users\\Geniius Peace\\AppData\\Local\\Programs\\AdoptOpenJDK\\bin;C:\\Users\\Geniius Peace\\AppData\\Local\\Microsoft\\WindowsApps;C:\\Program Files\\JetBrains\\PyCharm Community Edition 2019.2.2\\bin;C:\\Users\\Geniius Peace\\AppData\\Local\\Programs\\Microsoft VS Code\\bin;C:\\Program Files\\JetBrains\\PhpStorm 2020.1.3\\bin;C:\\xampp\\php;C:\\Users\\Geniius Peace\\AppData\\Roaming\\Composer\\vendor\\bin'
    'PATHEXT' => '.COM;.EXE;.BAT;.CMD;.VBS;.VBE;.JS;.JSE;.WSF;.WSH;.MSC'
    'PhpStorm' => 'C:\\Program Files\\JetBrains\\PhpStorm 2020.1.3\\bin;'
    'PHP_COMMAND' => 'php.exe'
    'PROCESSOR_ARCHITECTURE' => 'AMD64'
    'PROCESSOR_IDENTIFIER' => 'Intel64 Family 6 Model 142 Stepping 10, GenuineIntel'
    'PROCESSOR_LEVEL' => '6'
    'PROCESSOR_REVISION' => '8e0a'
    'ProgramData' => 'C:\\ProgramData'
    'ProgramFiles' => 'C:\\Program Files'
    'ProgramFiles(x86)' => 'C:\\Program Files (x86)'
    'ProgramW6432' => 'C:\\Program Files'
    'PROMPT' => '$P$G'
    'PSModulePath' => 'C:\\Program Files\\WindowsPowerShell\\Modules;C:\\Windows\\system32\\WindowsPowerShell\\v1.0\\Modules;C:\\Program Files (x86)\\Microsoft SQL Server\\150\\Tools\\PowerShell\\Modules\\'
    'PUBLIC' => 'C:\\Users\\Public'
    'PyCharm_Community_Edition' => 'C:\\Program Files\\JetBrains\\PyCharm Community Edition 2019.2.2\\bin;'
    'SystemDrive' => 'C:'
    'SystemRoot' => 'C:\\Windows'
    'TEMP' => 'C:\\Users\\GENIIU~1\\AppData\\Local\\Temp'
    'TMP' => 'C:\\Users\\GENIIU~1\\AppData\\Local\\Temp'
    'USERDOMAIN' => 'PEACE'
    'USERDOMAIN_ROAMINGPROFILE' => 'PEACE'
    'USERNAME' => 'Geniius Peace'
    'USERPROFILE' => 'C:\\Users\\Geniius Peace'
    'windir' => 'C:\\Windows'
    'YII_PATH' => 'C:\\xampp\\htdocs\\html\\advanced\\'
    'PHP_SELF' => 'C:\\xampp\\htdocs\\html\\advanced\\yii'
    'SCRIPT_NAME' => 'C:\\xampp\\htdocs\\html\\advanced\\yii'
    'SCRIPT_FILENAME' => 'C:\\xampp\\htdocs\\html\\advanced\\yii'
    'PATH_TRANSLATED' => 'C:\\xampp\\htdocs\\html\\advanced\\yii'
    'DOCUMENT_ROOT' => ''
    'REQUEST_TIME_FLOAT' => 1596395278.48
    'REQUEST_TIME' => 1596395278
    'argv' => [
        0 => 'C:\\xampp\\htdocs\\html\\advanced\\yii'
        1 => 'rbac'
        2 => 'init'
    ]
    'argc' => 3
]
2020-08-02 21:08:11 [-][-][-][error][yii\console\UnknownCommandException] yii\base\InvalidRouteException: Unable to resolve the request "rbac/init". in C:\xampp\htdocs\html\advanced\vendor\yiisoft\yii2\base\Module.php:537
Stack trace:
#0 C:\xampp\htdocs\html\advanced\vendor\yiisoft\yii2\console\Application.php(180): yii\base\Module->runAction('rbac/init', Array)
#1 C:\xampp\htdocs\html\advanced\vendor\yiisoft\yii2\console\Application.php(147): yii\console\Application->runAction('rbac/init', Array)
#2 C:\xampp\htdocs\html\advanced\vendor\yiisoft\yii2\base\Application.php(386): yii\console\Application->handleRequest(Object(yii\console\Request))
#3 C:\xampp\htdocs\html\advanced\yii(23): yii\base\Application->run()
#4 {main}

Next yii\console\UnknownCommandException: Unknown command "rbac/init". in C:\xampp\htdocs\html\advanced\vendor\yiisoft\yii2\console\Application.php:183
Stack trace:
#0 C:\xampp\htdocs\html\advanced\vendor\yiisoft\yii2\console\Application.php(147): yii\console\Application->runAction('rbac/init', Array)
#1 C:\xampp\htdocs\html\advanced\vendor\yiisoft\yii2\base\Application.php(386): yii\console\Application->handleRequest(Object(yii\console\Request))
#2 C:\xampp\htdocs\html\advanced\yii(23): yii\base\Application->run()
#3 {main}
2020-08-02 21:08:11 [-][-][-][info][application] $_GET = []

$_POST = []

$_FILES = []

$_COOKIE = []

$_SERVER = [
    'ALLUSERSPROFILE' => 'C:\\ProgramData'
    'APPDATA' => 'C:\\Users\\Geniius Peace\\AppData\\Roaming'
    'CommonProgramFiles' => 'C:\\Program Files\\Common Files'
    'CommonProgramFiles(x86)' => 'C:\\Program Files (x86)\\Common Files'
    'CommonProgramW6432' => 'C:\\Program Files\\Common Files'
    'COMPUTERNAME' => 'PEACE'
    'ComSpec' => 'C:\\Windows\\system32\\cmd.exe'
    'DriverData' => 'C:\\Windows\\System32\\Drivers\\DriverData'
    'HOMEDRIVE' => 'C:'
    'HOMEPATH' => '\\Users\\Geniius Peace'
    'JAVA_HOME' => 'C:\\Users\\Geniius Peace\\AppData\\Local\\Programs\\AdoptOpenJDK\\'
    'LOCALAPPDATA' => 'C:\\Users\\Geniius Peace\\AppData\\Local'
    'LOGONSERVER' => '\\\\PEACE'
    'MOZ_PLUGIN_PATH' => 'C:\\Program Files (x86)\\Foxit Software\\Foxit Reader\\plugins\\'
    'NUMBER_OF_PROCESSORS' => '4'
    'OneDrive' => 'C:\\Users\\Geniius Peace\\OneDrive'
    'OS' => 'Windows_NT'
    'Path' => 'C:\\Windows\\system32;C:\\Windows;C:\\Windows\\System32\\Wbem;C:\\Windows\\System32\\WindowsPowerShell\\v1.0\\;C:\\Windows\\System32\\OpenSSH\\;C:\\Program Files\\Microsoft SQL Server\\Client SDK\\ODBC\\170\\Tools\\Binn\\;C:\\Program Files (x86)\\Microsoft SQL Server\\150\\Tools\\Binn\\;C:\\Program Files\\Microsoft SQL Server\\150\\Tools\\Binn\\;C:\\Program Files\\Microsoft SQL Server\\150\\DTS\\Binn\\;C:\\Program Files (x86)\\Microsoft SQL Server\\150\\DTS\\Binn\\;E:\\xampp\\php;C:\\composer;C:\\Users\\Geniius Peace\\AppData\\Local\\Programs\\Python\\Python38-32\\Scripts\\;C:\\Users\\Geniius Peace\\AppData\\Local\\Programs\\Python\\Python38-32\\;C:\\Users\\Geniius Peace\\AppData\\Local\\Programs\\AdoptOpenJDK\\bin;C:\\Users\\Geniius Peace\\AppData\\Local\\Microsoft\\WindowsApps;C:\\Program Files\\JetBrains\\PyCharm Community Edition 2019.2.2\\bin;C:\\Users\\Geniius Peace\\AppData\\Local\\Programs\\Microsoft VS Code\\bin;C:\\Program Files\\JetBrains\\PhpStorm 2020.1.3\\bin;C:\\xampp\\php;C:\\Users\\Geniius Peace\\AppData\\Roaming\\Composer\\vendor\\bin'
    'PATHEXT' => '.COM;.EXE;.BAT;.CMD;.VBS;.VBE;.JS;.JSE;.WSF;.WSH;.MSC'
    'PhpStorm' => 'C:\\Program Files\\JetBrains\\PhpStorm 2020.1.3\\bin;'
    'PHP_COMMAND' => 'php.exe'
    'PROCESSOR_ARCHITECTURE' => 'AMD64'
    'PROCESSOR_IDENTIFIER' => 'Intel64 Family 6 Model 142 Stepping 10, GenuineIntel'
    'PROCESSOR_LEVEL' => '6'
    'PROCESSOR_REVISION' => '8e0a'
    'ProgramData' => 'C:\\ProgramData'
    'ProgramFiles' => 'C:\\Program Files'
    'ProgramFiles(x86)' => 'C:\\Program Files (x86)'
    'ProgramW6432' => 'C:\\Program Files'
    'PROMPT' => '$P$G'
    'PSModulePath' => 'C:\\Program Files\\WindowsPowerShell\\Modules;C:\\Windows\\system32\\WindowsPowerShell\\v1.0\\Modules;C:\\Program Files (x86)\\Microsoft SQL Server\\150\\Tools\\PowerShell\\Modules\\'
    'PUBLIC' => 'C:\\Users\\Public'
    'PyCharm_Community_Edition' => 'C:\\Program Files\\JetBrains\\PyCharm Community Edition 2019.2.2\\bin;'
    'SystemDrive' => 'C:'
    'SystemRoot' => 'C:\\Windows'
    'TEMP' => 'C:\\Users\\GENIIU~1\\AppData\\Local\\Temp'
    'TMP' => 'C:\\Users\\GENIIU~1\\AppData\\Local\\Temp'
    'USERDOMAIN' => 'PEACE'
    'USERDOMAIN_ROAMINGPROFILE' => 'PEACE'
    'USERNAME' => 'Geniius Peace'
    'USERPROFILE' => 'C:\\Users\\Geniius Peace'
    'windir' => 'C:\\Windows'
    'YII_PATH' => 'C:\\xampp\\htdocs\\html\\advanced\\'
    'PHP_SELF' => 'C:\\xampp\\htdocs\\html\\advanced\\yii'
    'SCRIPT_NAME' => 'C:\\xampp\\htdocs\\html\\advanced\\yii'
    'SCRIPT_FILENAME' => 'C:\\xampp\\htdocs\\html\\advanced\\yii'
    'PATH_TRANSLATED' => 'C:\\xampp\\htdocs\\html\\advanced\\yii'
    'DOCUMENT_ROOT' => ''
    'REQUEST_TIME_FLOAT' => 1596395291.6064
    'REQUEST_TIME' => 1596395291
    'argv' => [
        0 => 'C:\\xampp\\htdocs\\html\\advanced\\yii'
        1 => 'rbac/init'
    ]
    'argc' => 2
]
2020-08-02 21:09:52 [-][-][-][error][yii\console\UnknownCommandException] yii\base\InvalidRouteException: Unable to resolve the request "rbac/init". in C:\xampp\htdocs\html\advanced\vendor\yiisoft\yii2\base\Module.php:537
Stack trace:
#0 C:\xampp\htdocs\html\advanced\vendor\yiisoft\yii2\console\Application.php(180): yii\base\Module->runAction('rbac/init', Array)
#1 C:\xampp\htdocs\html\advanced\vendor\yiisoft\yii2\console\Application.php(147): yii\console\Application->runAction('rbac/init', Array)
#2 C:\xampp\htdocs\html\advanced\vendor\yiisoft\yii2\base\Application.php(386): yii\console\Application->handleRequest(Object(yii\console\Request))
#3 C:\xampp\htdocs\html\advanced\yii(23): yii\base\Application->run()
#4 {main}

Next yii\console\UnknownCommandException: Unknown command "rbac/init". in C:\xampp\htdocs\html\advanced\vendor\yiisoft\yii2\console\Application.php:183
Stack trace:
#0 C:\xampp\htdocs\html\advanced\vendor\yiisoft\yii2\console\Application.php(147): yii\console\Application->runAction('rbac/init', Array)
#1 C:\xampp\htdocs\html\advanced\vendor\yiisoft\yii2\base\Application.php(386): yii\console\Application->handleRequest(Object(yii\console\Request))
#2 C:\xampp\htdocs\html\advanced\yii(23): yii\base\Application->run()
#3 {main}
2020-08-02 21:09:52 [-][-][-][info][application] $_GET = []

$_POST = []

$_FILES = []

$_COOKIE = []

$_SERVER = [
    'ALLUSERSPROFILE' => 'C:\\ProgramData'
    'APPDATA' => 'C:\\Users\\Geniius Peace\\AppData\\Roaming'
    'CommonProgramFiles' => 'C:\\Program Files\\Common Files'
    'CommonProgramFiles(x86)' => 'C:\\Program Files (x86)\\Common Files'
    'CommonProgramW6432' => 'C:\\Program Files\\Common Files'
    'COMPUTERNAME' => 'PEACE'
    'ComSpec' => 'C:\\Windows\\system32\\cmd.exe'
    'DriverData' => 'C:\\Windows\\System32\\Drivers\\DriverData'
    'HOMEDRIVE' => 'C:'
    'HOMEPATH' => '\\Users\\Geniius Peace'
    'JAVA_HOME' => 'C:\\Users\\Geniius Peace\\AppData\\Local\\Programs\\AdoptOpenJDK\\'
    'LOCALAPPDATA' => 'C:\\Users\\Geniius Peace\\AppData\\Local'
    'LOGONSERVER' => '\\\\PEACE'
    'MOZ_PLUGIN_PATH' => 'C:\\Program Files (x86)\\Foxit Software\\Foxit Reader\\plugins\\'
    'NUMBER_OF_PROCESSORS' => '4'
    'OneDrive' => 'C:\\Users\\Geniius Peace\\OneDrive'
    'OS' => 'Windows_NT'
    'Path' => 'C:\\Windows\\system32;C:\\Windows;C:\\Windows\\System32\\Wbem;C:\\Windows\\System32\\WindowsPowerShell\\v1.0\\;C:\\Windows\\System32\\OpenSSH\\;C:\\Program Files\\Microsoft SQL Server\\Client SDK\\ODBC\\170\\Tools\\Binn\\;C:\\Program Files (x86)\\Microsoft SQL Server\\150\\Tools\\Binn\\;C:\\Program Files\\Microsoft SQL Server\\150\\Tools\\Binn\\;C:\\Program Files\\Microsoft SQL Server\\150\\DTS\\Binn\\;C:\\Program Files (x86)\\Microsoft SQL Server\\150\\DTS\\Binn\\;E:\\xampp\\php;C:\\composer;C:\\Users\\Geniius Peace\\AppData\\Local\\Programs\\Python\\Python38-32\\Scripts\\;C:\\Users\\Geniius Peace\\AppData\\Local\\Programs\\Python\\Python38-32\\;C:\\Users\\Geniius Peace\\AppData\\Local\\Programs\\AdoptOpenJDK\\bin;C:\\Users\\Geniius Peace\\AppData\\Local\\Microsoft\\WindowsApps;C:\\Program Files\\JetBrains\\PyCharm Community Edition 2019.2.2\\bin;C:\\Users\\Geniius Peace\\AppData\\Local\\Programs\\Microsoft VS Code\\bin;C:\\Program Files\\JetBrains\\PhpStorm 2020.1.3\\bin;C:\\xampp\\php;C:\\Users\\Geniius Peace\\AppData\\Roaming\\Composer\\vendor\\bin'
    'PATHEXT' => '.COM;.EXE;.BAT;.CMD;.VBS;.VBE;.JS;.JSE;.WSF;.WSH;.MSC'
    'PhpStorm' => 'C:\\Program Files\\JetBrains\\PhpStorm 2020.1.3\\bin;'
    'PHP_COMMAND' => 'php.exe'
    'PROCESSOR_ARCHITECTURE' => 'AMD64'
    'PROCESSOR_IDENTIFIER' => 'Intel64 Family 6 Model 142 Stepping 10, GenuineIntel'
    'PROCESSOR_LEVEL' => '6'
    'PROCESSOR_REVISION' => '8e0a'
    'ProgramData' => 'C:\\ProgramData'
    'ProgramFiles' => 'C:\\Program Files'
    'ProgramFiles(x86)' => 'C:\\Program Files (x86)'
    'ProgramW6432' => 'C:\\Program Files'
    'PROMPT' => '$P$G'
    'PSModulePath' => 'C:\\Program Files\\WindowsPowerShell\\Modules;C:\\Windows\\system32\\WindowsPowerShell\\v1.0\\Modules;C:\\Program Files (x86)\\Microsoft SQL Server\\150\\Tools\\PowerShell\\Modules\\'
    'PUBLIC' => 'C:\\Users\\Public'
    'PyCharm_Community_Edition' => 'C:\\Program Files\\JetBrains\\PyCharm Community Edition 2019.2.2\\bin;'
    'SystemDrive' => 'C:'
    'SystemRoot' => 'C:\\Windows'
    'TEMP' => 'C:\\Users\\GENIIU~1\\AppData\\Local\\Temp'
    'TMP' => 'C:\\Users\\GENIIU~1\\AppData\\Local\\Temp'
    'USERDOMAIN' => 'PEACE'
    'USERDOMAIN_ROAMINGPROFILE' => 'PEACE'
    'USERNAME' => 'Geniius Peace'
    'USERPROFILE' => 'C:\\Users\\Geniius Peace'
    'windir' => 'C:\\Windows'
    'YII_PATH' => 'C:\\xampp\\htdocs\\html\\advanced\\'
    'PHP_SELF' => 'C:\\xampp\\htdocs\\html\\advanced\\yii'
    'SCRIPT_NAME' => 'C:\\xampp\\htdocs\\html\\advanced\\yii'
    'SCRIPT_FILENAME' => 'C:\\xampp\\htdocs\\html\\advanced\\yii'
    'PATH_TRANSLATED' => 'C:\\xampp\\htdocs\\html\\advanced\\yii'
    'DOCUMENT_ROOT' => ''
    'REQUEST_TIME_FLOAT' => 1596395392.7028
    'REQUEST_TIME' => 1596395392
    'argv' => [
        0 => 'C:\\xampp\\htdocs\\html\\advanced\\yii'
        1 => 'rbac/init'
    ]
    'argc' => 2
]
